<?xml version="1.0" encoding="UTF-8"?>
<!-- Generated by org.testng.reporters.JUnitReportReporter -->
<testsuite hostname="BRIAPWLpLl4e149" failures="0" tests="2" name="testcases.CreateAccountPageTest" time="50.193" errors="0" timestamp="2024-04-22T10:39:16 IST" skipped="0">
  <testcase classname="testcases.CreateAccountPageTest" name="CreateAccount" time="25.990"/>
  <system-out/>
  <testcase classname="testcases.CreateAccountPageTest" name="validateMandatoryFieldsOnCreateAccountPage" time="24.203"/>
  <system-out/>
</testsuite> <!-- testcases.CreateAccountPageTest -->
