<?xml version="1.0" encoding="UTF-8"?>
<!-- Generated by org.testng.reporters.JUnitReportReporter -->
<testsuite hostname="BRIAPWLpLl4e149" failures="0" tests="1" name="testcases.OrderPlacement" time="61.841" errors="0" timestamp="2024-04-22T05:36:19 IST" skipped="0">
  <testcase classname="testcases.OrderPlacement" name="endToEnd" time="61.841"/>
  <system-out/>
</testsuite> <!-- testcases.OrderPlacement -->
